#
# A fatal error has been detected by the Java Runtime Environment:
#
#  EXCEPTION_ACCESS_VIOLATION (0xc0000005) at pc=0x0000000058293790, pid=3380, tid=7152
#
# JRE version: Java(TM) SE Runtime Environment (8.0_66-b18) (build 1.8.0_66-b18)
# Java VM: Java HotSpot(TM) 64-Bit Server VM (25.66-b18 mixed mode windows-amd64 compressed oops)
# Problematic frame:
# C  [ig4icd64.dll+0x3790]
#
# Failed to write core dump. Minidumps are not enabled by default on client versions of Windows
#
# If you would like to submit a bug report, please visit:
#   http://bugreport.java.com/bugreport/crash.jsp
# The crash happened outside the Java Virtual Machine in native code.
# See problematic frame for where to report the bug.
#

---------------  T H R E A D  ---------------

Current thread (0x00000000021cd800):  JavaThread "main" [_thread_in_native, id=7152, stack(0x00000000024c0000,0x00000000025c0000)]

siginfo: ExceptionCode=0xc0000005, reading address 0x0000000000000000

Registers:
RAX=0x0000000000000000, RBX=0x00000000577100a8, RCX=0x0000000000000000, RDX=0x0000000000000000
RSP=0x00000000025bf050, RBP=0x000000005771f588, RSI=0x000000005771fd98, RDI=0x000000005ab98000
R8 =0x0000000000000174, R9 =0x0000000000000002, R10=0x0000000000000000, R11=0x000000005b3ceec0
R12=0x0000000000000000, R13=0x0000000000000000, R14=0x000000005b036e80, R15=0x0000000000000174
RIP=0x0000000058293790, EFLAGS=0x0000000000010202

Top of Stack: (sp=0x00000000025bf050)
0x00000000025bf050:   08090a0b0c0d0e0f 0001020304050607
0x00000000025bf060:   cafebabecafebabe 0000000000000000
0x00000000025bf070:   0000000000000030 0000000000000000
0x00000000025bf080:   000000005ab98000 00000000582c11f3
0x00000000025bf090:   00000000577100a8 00000000577100a8
0x00000000025bf0a0:   000000005b03a7ac 0000000000000000
0x00000000025bf0b0:   0000000000000000 00000000582c4520
0x00000000025bf0c0:   0000000400000000 00000000577100a8
0x00000000025bf0d0:   0000000040001280 0000000000000001
0x00000000025bf0e0:   0000000000000002 0000000000000008
0x00000000025bf0f0:   000000005771fd98 0000000000000018
0x00000000025bf100:   0000000000000000 000000005771f588
0x00000000025bf110:   00000000577100a8 00000000582c5514
0x00000000025bf120:   0000000000000000 0000000000000002
0x00000000025bf130:   0000000000000018 0000000000000001
0x00000000025bf140:   0000000000060000 0000000000000000 

Instructions: (pc=0x0000000058293790)
0x0000000058293770:   c2 10 66 0f e7 47 f0 49 3b c2 72 e4 e9 ab 00 00
0x0000000058293780:   00 4d 8b c8 44 8b d1 49 c1 e9 07 4d 85 c9 74 62
0x0000000058293790:   66 0f 6f 3a 66 0f 6f 72 10 66 0f 6f 6a 20 41 ff
0x00000000582937a0:   c2 48 83 ef 80 41 8b c2 66 0f 6f 62 30 66 0f 6f 


Register to memory mapping:

RAX=0x0000000000000000 is an unknown value
RBX=0x00000000577100a8 is an unknown value
RCX=0x0000000000000000 is an unknown value
RDX=0x0000000000000000 is an unknown value
RSP=0x00000000025bf050 is pointing into the stack for thread: 0x00000000021cd800
RBP=0x000000005771f588 is an unknown value
RSI=0x000000005771fd98 is an unknown value
RDI=0x000000005ab98000 is an unknown value
R8 =0x0000000000000174 is an unknown value
R9 =0x0000000000000002 is an unknown value
R10=0x0000000000000000 is an unknown value
R11=0x000000005b3ceec0 is an unknown value
R12=0x0000000000000000 is an unknown value
R13=0x0000000000000000 is an unknown value
R14=0x000000005b036e80 is an unknown value
R15=0x0000000000000174 is an unknown value


Stack: [0x00000000024c0000,0x00000000025c0000],  sp=0x00000000025bf050,  free space=1020k
Native frames: (J=compiled Java code, j=interpreted, Vv=VM code, C=native code)
C  [ig4icd64.dll+0x3790]
C  [ig4icd64.dll+0x311f3]
C  [ig4icd64.dll+0x35514]
C  [ig4icd64.dll+0x3573c]
C  [ig4icd64.dll+0x1355a6]
C  [ig4icd64.dll+0x136224]
C  [ig4icd64.dll+0x136261]
C  0x00000000028a5e14

Java frames: (J=compiled Java code, j=interpreted, Vv=VM code)
j  org.lwjgl.opengl.GL11.nglDrawElementsBO(IIIJJ)V+0
j  org.lwjgl.opengl.GL11.glDrawElements(IIIJ)V+28
j  RenderEngine.Renderer.render(Ljava/util/Map;)V+84
j  RenderEngine.MasterRenderer.render(LEntities/Light;LEntities/Camera;Ljava/util/ArrayList;)V+43
j  EngineTester.Tester.main([Ljava/lang/String;)V+219
v  ~StubRoutines::call_stub

---------------  P R O C E S S  ---------------

Java Threads: ( => current thread )
  0x0000000056a9a800 JavaThread "Service Thread" daemon [_thread_blocked, id=5968, stack(0x0000000056fb0000,0x00000000570b0000)]
  0x0000000056a20800 JavaThread "C1 CompilerThread2" daemon [_thread_blocked, id=5408, stack(0x0000000056e70000,0x0000000056f70000)]
  0x0000000054f0e000 JavaThread "C2 CompilerThread1" daemon [_thread_blocked, id=4268, stack(0x0000000056920000,0x0000000056a20000)]
  0x0000000054f06800 JavaThread "C2 CompilerThread0" daemon [_thread_in_native, id=2604, stack(0x0000000056650000,0x0000000056750000)]
  0x0000000054f04000 JavaThread "Attach Listener" daemon [_thread_blocked, id=2892, stack(0x0000000056520000,0x0000000056620000)]
  0x0000000054f00800 JavaThread "Signal Dispatcher" daemon [_thread_blocked, id=1488, stack(0x0000000056320000,0x0000000056420000)]
  0x0000000054ea6800 JavaThread "Finalizer" daemon [_thread_blocked, id=5812, stack(0x0000000056180000,0x0000000056280000)]
  0x0000000054e9f800 JavaThread "Reference Handler" daemon [_thread_blocked, id=7088, stack(0x0000000055f80000,0x0000000056080000)]
=>0x00000000021cd800 JavaThread "main" [_thread_in_native, id=7152, stack(0x00000000024c0000,0x00000000025c0000)]

Other Threads:
  0x0000000054e9a000 VMThread [stack: 0x0000000055e00000,0x0000000055f00000] [id=2224]
  0x0000000056aa4000 WatcherThread [stack: 0x00000000567c0000,0x00000000568c0000] [id=6416]

VM state:not at safepoint (normal execution)

VM Mutex/Monitor currently owned by a thread: None

Heap:
 PSYoungGen      total 68608K, used 48187K [0x00000000ebb00000, 0x00000000f4400000, 0x0000000100000000)
  eden space 63488K, 67% used [0x00000000ebb00000,0x00000000ee5104e0,0x00000000ef900000)
  from space 5120K, 99% used [0x00000000ef900000,0x00000000efdfe9f8,0x00000000efe00000)
  to   space 6656K, 0% used [0x00000000f3d80000,0x00000000f3d80000,0x00000000f4400000)
 ParOldGen       total 42496K, used 4262K [0x00000000c3000000, 0x00000000c5980000, 0x00000000ebb00000)
  object space 42496K, 10% used [0x00000000c3000000,0x00000000c3429998,0x00000000c5980000)
 Metaspace       used 5244K, capacity 5923K, committed 6016K, reserved 1056768K
  class space    used 504K, capacity 560K, committed 640K, reserved 1048576K

Card table byte_map: [0x0000000011c50000,0x0000000011e40000] byte_map_base: 0x0000000011638000

Marking Bits: (ParMarkBitMap*) 0x000000005820a5b0
 Begin Bits: [0x00000000124a0000, 0x00000000133e0000)
 End Bits:   [0x00000000133e0000, 0x0000000014320000)

Polling page: 0x0000000000320000

CodeCache: size=245760Kb used=2282Kb max_used=2282Kb free=243477Kb
 bounds [0x0000000002890000, 0x0000000002b00000, 0x0000000011890000]
 total_blobs=808 nmethods=415 adapters=306
 compilation: enabled

Compilation events (10 events):
Event: 0.834 Thread 0x0000000056a20800  413  s    3       sun.misc.URLClassPath::getLookupCache (98 bytes)
Event: 0.834 Thread 0x0000000056a20800 nmethod 413 0x0000000002ac6910 code [0x0000000002ac6aa0, 0x0000000002ac6ff8]
Event: 0.836 Thread 0x0000000056a20800  414   !   3       java.net.URLClassLoader::findClass (47 bytes)
Event: 0.836 Thread 0x0000000056a20800 nmethod 414 0x0000000002ac96d0 code [0x0000000002ac9880, 0x0000000002ac9e38]
Event: 0.836 Thread 0x0000000056a20800  415       3       java.net.URLClassLoader$1::<init> (15 bytes)
Event: 0.836 Thread 0x0000000056a20800 nmethod 415 0x0000000002abf710 code [0x0000000002abf860, 0x0000000002abfa30]
Event: 0.836 Thread 0x0000000056a20800  416       3       sun.net.www.protocol.file.Handler::parseURL (18 bytes)
Event: 0.837 Thread 0x0000000056a20800 nmethod 416 0x0000000002aca090 code [0x0000000002aca200, 0x0000000002aca478]
Event: 0.837 Thread 0x0000000056a20800  417       3       java.security.CodeSource::getCertificates (98 bytes)
Event: 0.837 Thread 0x0000000056a20800 nmethod 417 0x0000000002aca590 code [0x0000000002aca7c0, 0x0000000002acb378]

GC Heap History (10 events):
Event: 0.573 GC heap before
{Heap before GC invocations=3 (full 0):
 PSYoungGen      total 18432K, used 18009K [0x00000000ebb00000, 0x00000000edf00000, 0x0000000100000000)
  eden space 15872K, 100% used [0x00000000ebb00000,0x00000000eca80000,0x00000000eca80000)
  from space 2560K, 83% used [0x00000000ecd00000,0x00000000ecf16520,0x00000000ecf80000)
  to   space 2560K, 0% used [0x00000000eca80000,0x00000000eca80000,0x00000000ecd00000)
 ParOldGen       total 42496K, used 16K [0x00000000c3000000, 0x00000000c5980000, 0x00000000ebb00000)
  object space 42496K, 0% used [0x00000000c3000000,0x00000000c3004000,0x00000000c5980000)
 Metaspace       used 5160K, capacity 5923K, committed 6016K, reserved 1056768K
  class space    used 500K, capacity 560K, committed 640K, reserved 1048576K
Event: 0.576 GC heap after
Heap after GC invocations=3 (full 0):
 PSYoungGen      total 18432K, used 2554K [0x00000000ebb00000, 0x00000000edf00000, 0x0000000100000000)
  eden space 15872K, 0% used [0x00000000ebb00000,0x00000000ebb00000,0x00000000eca80000)
  from space 2560K, 99% used [0x00000000eca80000,0x00000000eccfea18,0x00000000ecd00000)
  to   space 2560K, 0% used [0x00000000edc80000,0x00000000edc80000,0x00000000edf00000)
 ParOldGen       total 42496K, used 192K [0x00000000c3000000, 0x00000000c5980000, 0x00000000ebb00000)
  object space 42496K, 0% used [0x00000000c3000000,0x00000000c3030000,0x00000000c5980000)
 Metaspace       used 5160K, capacity 5923K, committed 6016K, reserved 1056768K
  class space    used 500K, capacity 560K, committed 640K, reserved 1048576K
}
Event: 0.593 GC heap before
{Heap before GC invocations=4 (full 0):
 PSYoungGen      total 18432K, used 18426K [0x00000000ebb00000, 0x00000000edf00000, 0x0000000100000000)
  eden space 15872K, 100% used [0x00000000ebb00000,0x00000000eca80000,0x00000000eca80000)
  from space 2560K, 99% used [0x00000000eca80000,0x00000000eccfea18,0x00000000ecd00000)
  to   space 2560K, 0% used [0x00000000edc80000,0x00000000edc80000,0x00000000edf00000)
 ParOldGen       total 42496K, used 192K [0x00000000c3000000, 0x00000000c5980000, 0x00000000ebb00000)
  object space 42496K, 0% used [0x00000000c3000000,0x00000000c3030000,0x00000000c5980000)
 Metaspace       used 5172K, capacity 5923K, committed 6016K, reserved 1056768K
  class space    used 500K, capacity 560K, committed 640K, reserved 1048576K
Event: 0.597 GC heap after
Heap after GC invocations=4 (full 0):
 PSYoungGen      total 34304K, used 2545K [0x00000000ebb00000, 0x00000000edf00000, 0x0000000100000000)
  eden space 31744K, 0% used [0x00000000ebb00000,0x00000000ebb00000,0x00000000eda00000)
  from space 2560K, 99% used [0x00000000edc80000,0x00000000edefc5b8,0x00000000edf00000)
  to   space 2560K, 0% used [0x00000000eda00000,0x00000000eda00000,0x00000000edc80000)
 ParOldGen       total 42496K, used 824K [0x00000000c3000000, 0x00000000c5980000, 0x00000000ebb00000)
  object space 42496K, 1% used [0x00000000c3000000,0x00000000c30ce000,0x00000000c5980000)
 Metaspace       used 5172K, capacity 5923K, committed 6016K, reserved 1056768K
  class space    used 500K, capacity 560K, committed 640K, reserved 1048576K
}
Event: 0.632 GC heap before
{Heap before GC invocations=5 (full 0):
 PSYoungGen      total 34304K, used 34289K [0x00000000ebb00000, 0x00000000edf00000, 0x0000000100000000)
  eden space 31744K, 100% used [0x00000000ebb00000,0x00000000eda00000,0x00000000eda00000)
  from space 2560K, 99% used [0x00000000edc80000,0x00000000edefc5b8,0x00000000edf00000)
  to   space 2560K, 0% used [0x00000000eda00000,0x00000000eda00000,0x00000000edc80000)
 ParOldGen       total 42496K, used 824K [0x00000000c3000000, 0x00000000c5980000, 0x00000000ebb00000)
  object space 42496K, 1% used [0x00000000c3000000,0x00000000c30ce000,0x00000000c5980000)
 Metaspace       used 5184K, capacity 5923K, committed 6016K, reserved 1056768K
  class space    used 500K, capacity 560K, committed 640K, reserved 1048576K
Event: 0.640 GC heap after
Heap after GC invocations=5 (full 0):
 PSYoungGen      total 34304K, used 2553K [0x00000000ebb00000, 0x00000000f0300000, 0x0000000100000000)
  eden space 31744K, 0% used [0x00000000ebb00000,0x00000000ebb00000,0x00000000eda00000)
  from space 2560K, 99% used [0x00000000eda00000,0x00000000edc7e790,0x00000000edc80000)
  to   space 5120K, 0% used [0x00000000efe00000,0x00000000efe00000,0x00000000f0300000)
 ParOldGen       total 42496K, used 3107K [0x00000000c3000000, 0x00000000c5980000, 0x00000000ebb00000)
  object space 42496K, 7% used [0x00000000c3000000,0x00000000c3308f40,0x00000000c5980000)
 Metaspace       used 5184K, capacity 5923K, committed 6016K, reserved 1056768K
  class space    used 500K, capacity 560K, committed 640K, reserved 1048576K
}
Event: 0.669 GC heap before
{Heap before GC invocations=6 (full 0):
 PSYoungGen      total 34304K, used 34297K [0x00000000ebb00000, 0x00000000f0300000, 0x0000000100000000)
  eden space 31744K, 100% used [0x00000000ebb00000,0x00000000eda00000,0x00000000eda00000)
  from space 2560K, 99% used [0x00000000eda00000,0x00000000edc7e790,0x00000000edc80000)
  to   space 5120K, 0% used [0x00000000efe00000,0x00000000efe00000,0x00000000f0300000)
 ParOldGen       total 42496K, used 3107K [0x00000000c3000000, 0x00000000c5980000, 0x00000000ebb00000)
  object space 42496K, 7% used [0x00000000c3000000,0x00000000c3308f40,0x00000000c5980000)
 Metaspace       used 5184K, capacity 5923K, committed 6016K, reserved 1056768K
  class space    used 500K, capacity 560K, committed 640K, reserved 1048576K
Event: 0.689 GC heap after
Heap after GC invocations=6 (full 0):
 PSYoungGen      total 68608K, used 3825K [0x00000000ebb00000, 0x00000000f0300000, 0x0000000100000000)
  eden space 63488K, 0% used [0x00000000ebb00000,0x00000000ebb00000,0x00000000ef900000)
  from space 5120K, 74% used [0x00000000efe00000,0x00000000f01bc5e8,0x00000000f0300000)
  to   space 5120K, 0% used [0x00000000ef900000,0x00000000ef900000,0x00000000efe00000)
 ParOldGen       total 42496K, used 3115K [0x00000000c3000000, 0x00000000c5980000, 0x00000000ebb00000)
  object space 42496K, 7% used [0x00000000c3000000,0x00000000c330af40,0x00000000c5980000)
 Metaspace       used 5184K, capacity 5923K, committed 6016K, reserved 1056768K
  class space    used 500K, capacity 560K, committed 640K, reserved 1048576K
}
Event: 0.759 GC heap before
{Heap before GC invocations=7 (full 0):
 PSYoungGen      total 68608K, used 67313K [0x00000000ebb00000, 0x00000000f0300000, 0x0000000100000000)
  eden space 63488K, 100% used [0x00000000ebb00000,0x00000000ef900000,0x00000000ef900000)
  from space 5120K, 74% used [0x00000000efe00000,0x00000000f01bc5e8,0x00000000f0300000)
  to   space 5120K, 0% used [0x00000000ef900000,0x00000000ef900000,0x00000000efe00000)
 ParOldGen       total 42496K, used 3115K [0x00000000c3000000, 0x00000000c5980000, 0x00000000ebb00000)
  object space 42496K, 7% used [0x00000000c3000000,0x00000000c330af40,0x00000000c5980000)
 Metaspace       used 5184K, capacity 5923K, committed 6016K, reserved 1056768K
  class space    used 500K, capacity 560K, committed 640K, reserved 1048576K
Event: 0.769 GC heap after
Heap after GC invocations=7 (full 0):
 PSYoungGen      total 68608K, used 5114K [0x00000000ebb00000, 0x00000000f4400000, 0x0000000100000000)
  eden space 63488K, 0% used [0x00000000ebb00000,0x00000000ebb00000,0x00000000ef900000)
  from space 5120K, 99% used [0x00000000ef900000,0x00000000efdfe9f8,0x00000000efe00000)
  to   space 6656K, 0% used [0x00000000f3d80000,0x00000000f3d80000,0x00000000f4400000)
 ParOldGen       total 42496K, used 4262K [0x00000000c3000000, 0x00000000c5980000, 0x00000000ebb00000)
  object space 42496K, 10% used [0x00000000c3000000,0x00000000c3429998,0x00000000c5980000)
 Metaspace       used 5184K, capacity 5923K, committed 6016K, reserved 1056768K
  class space    used 500K, capacity 560K, committed 640K, reserved 1048576K
}

Deoptimization events (8 events):
Event: 0.464 Thread 0x00000000021cd800 Uncommon trap: reason=unstable_if action=reinterpret pc=0x0000000002a5a470 method=sun.misc.FloatingDecimal$ASCIIToBinaryBuffer.floatValue()F @ 70
Event: 0.473 Thread 0x00000000021cd800 Uncommon trap: reason=predicate action=maybe_recompile pc=0x0000000002a57f64 method=java.util.AbstractCollection.toArray([Ljava/lang/Object;)[Ljava/lang/Object; @ 49
Event: 0.494 Thread 0x00000000021cd800 Uncommon trap: reason=array_check action=maybe_recompile pc=0x0000000002a6ca90 method=java.util.AbstractCollection.toArray([Ljava/lang/Object;)[Ljava/lang/Object; @ 119
Event: 0.494 Thread 0x00000000021cd800 Uncommon trap: reason=array_check action=maybe_recompile pc=0x0000000002a6ca90 method=java.util.AbstractCollection.toArray([Ljava/lang/Object;)[Ljava/lang/Object; @ 119
Event: 0.494 Thread 0x00000000021cd800 Uncommon trap: reason=array_check action=maybe_recompile pc=0x0000000002a6ca90 method=java.util.AbstractCollection.toArray([Ljava/lang/Object;)[Ljava/lang/Object; @ 119
Event: 0.494 Thread 0x00000000021cd800 Uncommon trap: reason=array_check action=maybe_recompile pc=0x0000000002a6ca90 method=java.util.AbstractCollection.toArray([Ljava/lang/Object;)[Ljava/lang/Object; @ 119
Event: 0.502 Thread 0x00000000021cd800 Uncommon trap: reason=unstable_if action=reinterpret pc=0x0000000002a5c518 method=sun.misc.FloatingDecimal.readJavaFormatString(Ljava/lang/String;)Lsun/misc/FloatingDecimal$ASCIIToBinaryConverter; @ 235
Event: 0.824 Thread 0x00000000021cd800 Uncommon trap: reason=unstable_if action=reinterpret pc=0x0000000002abf60c method=java.util.ArrayList$Itr.hasNext()Z @ 11

Internal exceptions (6 events):
Event: 0.044 Thread 0x00000000021cd800 Exception <a 'java/lang/NoSuchMethodError': Method sun.misc.Unsafe.defineClass(Ljava/lang/String;[BII)Ljava/lang/Class; name or signature does not match> (0x00000000ebb0cfe8) thrown at [C:\re\workspace\8-2-build-windows-amd64-cygwin\jdk8u66\5298\hotspot\sr‰|CÒuZ¶?
Event: 0.044 Thread 0x00000000021cd800 Exception <a 'java/lang/NoSuchMethodError': Method sun.misc.Unsafe.prefetchRead(Ljava/lang/Object;J)V name or signature does not match> (0x00000000ebb0d2d0) thrown at [C:\re\workspace\8-2-build-windows-amd64-cygwin\jdk8u66\5298\hotspot\src\share\vm\prims\j€s|≈ÿ?
Event: 0.387 Thread 0x00000000021cd800 Exception <a 'java/security/PrivilegedActionException'> (0x00000000ebfc3a18) thrown at [C:\re\workspace\8-2-build-windows-amd64-cygwin\jdk8u66\5298\hotspot\src\share\vm\prims\jvm.cpp, line 1386]
Event: 0.387 Thread 0x00000000021cd800 Exception <a 'java/security/PrivilegedActionException'> (0x00000000ebfc3e10) thrown at [C:\re\workspace\8-2-build-windows-amd64-cygwin\jdk8u66\5298\hotspot\src\share\vm\prims\jvm.cpp, line 1386]
Event: 0.388 Thread 0x00000000021cd800 Exception <a 'java/security/PrivilegedActionException'> (0x00000000ebfc7d88) thrown at [C:\re\workspace\8-2-build-windows-amd64-cygwin\jdk8u66\5298\hotspot\src\share\vm\prims\jvm.cpp, line 1386]
Event: 0.388 Thread 0x00000000021cd800 Exception <a 'java/security/PrivilegedActionException'> (0x00000000ebfc8180) thrown at [C:\re\workspace\8-2-build-windows-amd64-cygwin\jdk8u66\5298\hotspot\src\share\vm\prims\jvm.cpp, line 1386]

Events (10 events):
Event: 0.836 loading class Entities/Entity
Event: 0.836 loading class Entities/Entity done
Event: 0.838 loading class ToolBox/Maths
Event: 0.838 loading class ToolBox/Maths done
Event: 0.839 loading class java/util/HashMap$KeySet
Event: 0.839 loading class java/util/HashMap$KeySet done
Event: 0.839 loading class java/util/HashMap$KeyIterator
Event: 0.839 loading class java/util/HashMap$KeyIterator done
Event: 0.839 loading class org/lwjgl/opengl/GL13
Event: 0.839 loading class org/lwjgl/opengl/GL13 done


Dynamic libraries:
0x000000013f6c0000 - 0x000000013f6f7000 	C:\Program Files\Java\jre1.8.0_66\bin\javaw.exe
0x0000000077610000 - 0x00000000777ba000 	C:\Windows\SYSTEM32\ntdll.dll
0x00000000774f0000 - 0x000000007760f000 	C:\Windows\system32\kernel32.dll
0x000007fefd600000 - 0x000007fefd66b000 	C:\Windows\system32\KERNELBASE.dll
0x000007fefe660000 - 0x000007fefe73b000 	C:\Windows\system32\ADVAPI32.dll
0x000007fefdcf0000 - 0x000007fefdd8f000 	C:\Windows\system32\msvcrt.dll
0x000007fefdd90000 - 0x000007fefddaf000 	C:\Windows\SYSTEM32\sechost.dll
0x000007fefe740000 - 0x000007fefe86d000 	C:\Windows\system32\RPCRT4.dll
0x00000000773f0000 - 0x00000000774ea000 	C:\Windows\system32\USER32.dll
0x000007fefded0000 - 0x000007fefdf37000 	C:\Windows\system32\GDI32.dll
0x000007fefe330000 - 0x000007fefe33e000 	C:\Windows\system32\LPK.dll
0x000007fefd7d0000 - 0x000007fefd89a000 	C:\Windows\system32\USP10.dll
0x000007fefb9d0000 - 0x000007fefbbc4000 	C:\Windows\WinSxS\amd64_microsoft.windows.common-controls_6595b64144ccf1df_6.0.7601.18837_none_fa3b1e3d17594757\COMCTL32.dll
0x000007fefddb0000 - 0x000007fefde21000 	C:\Windows\system32\SHLWAPI.dll
0x000007fefd8a0000 - 0x000007fefd8ce000 	C:\Windows\system32\IMM32.DLL
0x000007fefea00000 - 0x000007fefeb09000 	C:\Windows\system32\MSCTF.dll
0x0000000067b40000 - 0x0000000067c12000 	C:\Program Files\Java\jre1.8.0_66\bin\msvcr100.dll
0x0000000057a00000 - 0x0000000058289000 	C:\Program Files\Java\jre1.8.0_66\bin\server\jvm.dll
0x000007fef7d90000 - 0x000007fef7d99000 	C:\Windows\system32\WSOCK32.dll
0x000007fefe610000 - 0x000007fefe65d000 	C:\Windows\system32\WS2_32.dll
0x000007fefd8d0000 - 0x000007fefd8d8000 	C:\Windows\system32\NSI.dll
0x000007fefb540000 - 0x000007fefb57b000 	C:\Windows\system32\WINMM.dll
0x000007fefc470000 - 0x000007fefc47c000 	C:\Windows\system32\VERSION.dll
0x00000000777d0000 - 0x00000000777d7000 	C:\Windows\system32\PSAPI.DLL
0x0000000070350000 - 0x000000007035f000 	C:\Program Files\Java\jre1.8.0_66\bin\verify.dll
0x000000006ff60000 - 0x000000006ff89000 	C:\Program Files\Java\jre1.8.0_66\bin\java.dll
0x00000000702d0000 - 0x00000000702e6000 	C:\Program Files\Java\jre1.8.0_66\bin\zip.dll
0x000007fefeb90000 - 0x000007feff919000 	C:\Windows\system32\SHELL32.dll
0x000007fefdf40000 - 0x000007fefe143000 	C:\Windows\system32\ole32.dll
0x000007fefd390000 - 0x000007fefd39f000 	C:\Windows\system32\profapi.dll
0x0000000180000000 - 0x0000000180053000 	C:\Users\frla05\workspace\JavaGame\lib\natives-win\lwjgl64.dll
0x000007feec300000 - 0x000007feec41d000 	C:\Windows\system32\OPENGL32.dll
0x000007fefb130000 - 0x000007fefb15d000 	C:\Windows\system32\GLU32.dll
0x000007fee4530000 - 0x000007fee4621000 	C:\Windows\system32\DDRAW.dll
0x000007feece60000 - 0x000007feece68000 	C:\Windows\system32\DCIMAN32.dll
0x000007fefe150000 - 0x000007fefe327000 	C:\Windows\system32\SETUPAPI.dll
0x000007fefd3c0000 - 0x000007fefd3f6000 	C:\Windows\system32\CFGMGR32.dll
0x000007fefd8e0000 - 0x000007fefd9b7000 	C:\Windows\system32\OLEAUT32.dll
0x000007fefd730000 - 0x000007fefd74a000 	C:\Windows\system32\DEVOBJ.dll
0x000007fefae20000 - 0x000007fefae38000 	C:\Windows\system32\dwmapi.dll
0x000007fefb970000 - 0x000007fefb9c6000 	C:\Windows\system32\uxtheme.dll
0x0000000058290000 - 0x00000000593fa000 	C:\Windows\system32\ig4icd64.dll
0x000007fefd1f0000 - 0x000007fefd1ff000 	C:\Windows\system32\CRYPTBASE.dll
0x000007fefde30000 - 0x000007fefdec9000 	C:\Windows\system32\CLBCatQ.DLL
0x000007fefb090000 - 0x000007fefb12c000 	C:\Windows\system32\mscms.dll
0x000007fefd670000 - 0x000007fefd68e000 	C:\Windows\system32\USERENV.dll
0x000007fefae60000 - 0x000007fefaea2000 	C:\Windows\system32\icm32.dll
0x000000005dc20000 - 0x000000005ddb8000 	C:\Program Files\Java\jre1.8.0_66\bin\awt.dll
0x000007fefb270000 - 0x000007fefb395000 	C:\Windows\system32\dbghelp.dll

VM Arguments:
jvm_args: -Djava.library.path=C:\Users\frla05\workspace\JavaGame\lib\natives-win -Dfile.encoding=Cp1252 
java_command: EngineTester.Tester
java_class_path (initial): C:\Users\frla05\workspace\LwjglTest\bin;C:\Users\frla05\workspace\JavaGame\lib\jars\lwjgl.jar;C:\Users\frla05\workspace\JavaGame\lib\jars\lwjgl_util.jar;C:\Users\frla05\workspace\JavaGame\lib\jars\slick-util.jar
Launcher Type: SUN_STANDARD

Environment Variables:
JAVA_HOME=C:\Program Files\Java\jdk1.8.0_60
CLASSPATH=.;C:\SQLLIB\java\db2java.zip;C:\SQLLIB\java\db2jcc.jar;C:\SQLLIB\java\db2jcc_license_cu.jar;C:\SQLLIB\bin;C:\Users\frla05;
PATH=C:/Program Files/Java/jre1.8.0_66/bin/server;C:/Program Files/Java/jre1.8.0_66/bin;C:/Program Files/Java/jre1.8.0_66/lib/amd64;C:\ProgramData\Oracle\Java\javapath;C:\Windows\system32;C:\Windows;C:\Windows\System32\Wbem;C:\Windows\System32\WindowsPowerShell\v1.0\;C:\SQLLIB\BIN;C:\SQLLIB\FUNCTION;C:\Program Files (x86)\Microsoft SQL Server\100\Tools\Binn\;C:\Program Files (x86)\Microsoft SQL Server\100\DTS\Binn\;C:\Program Files (x86)\Microsoft SQL Server\80\Tools\Binn\;C:\Program Files\Java\jdk1.8.0_60\bin;C:\Windows\system32;
USERNAME=frla05
OS=Windows_NT
PROCESSOR_IDENTIFIER=Intel64 Family 6 Model 42 Stepping 7, GenuineIntel



---------------  S Y S T E M  ---------------

OS: Windows 7 , 64 bit Build 7601 (6.1.7601.19135)

CPU:total 4 (2 cores per cpu, 2 threads per core) family 6 model 42 stepping 7, cmov, cx8, fxsr, mmx, sse, sse2, sse3, ssse3, sse4.1, sse4.2, popcnt, avx, clmul, ht, tsc, tscinvbit

Memory: 4k page, physical 3991024k(1543932k free), swap 7980212k(4065076k free)

vm_info: Java HotSpot(TM) 64-Bit Server VM (25.66-b18) for windows-amd64 JRE (1.8.0_66-b18), built on Nov  9 2015 10:51:13 by "java_re" with MS VC++ 10.0 (VS2010)

time: Fri Feb 12 10:40:08 2016
elapsed time: 0 seconds (0d 0h 0m 0s)

